<?xml version="1.0" encoding="UTF-8"?>
<testng-results ignored="0" total="1" passed="1" failed="0" skipped="0">
  <reporter-output>
  </reporter-output>
  <suite started-at="2020-03-25T12:49:25 GMT" name="Default suite" finished-at="2020-03-25T12:51:00 GMT" duration-ms="95422">
    <groups>
    </groups>
    <test started-at="2020-03-25T12:49:25 GMT" name="Default test" finished-at="2020-03-25T12:51:00 GMT" duration-ms="95422">
      <class name="testCases.RegistrationTest">
        <test-method is-config="true" signature="setup()[pri:0, instance:testCases.RegistrationTest@647fd8ce]" started-at="2020-03-25T12:49:25 GMT" name="setup" finished-at="2020-03-25T12:50:24 GMT" duration-ms="59054" status="PASS">
          <reporter-output>
          </reporter-output>
        </test-method> <!-- setup -->
        <test-method signature="RegistrationSuccessTest()[pri:0, instance:testCases.RegistrationTest@647fd8ce]" started-at="2020-03-25T12:50:24 GMT" name="RegistrationSuccessTest" finished-at="2020-03-25T12:50:57 GMT" duration-ms="32607" status="PASS">
          <reporter-output>
          </reporter-output>
        </test-method> <!-- RegistrationSuccessTest -->
        <test-method is-config="true" signature="teardown()[pri:0, instance:testCases.RegistrationTest@647fd8ce]" started-at="2020-03-25T12:50:57 GMT" name="teardown" finished-at="2020-03-25T12:51:00 GMT" duration-ms="3601" status="PASS">
          <reporter-output>
          </reporter-output>
        </test-method> <!-- teardown -->
      </class> <!-- testCases.RegistrationTest -->
    </test> <!-- Default test -->
  </suite> <!-- Default suite -->
</testng-results>
